<?xml version="1.0" encoding="UTF-8"?>
<testsuite xmlns:xsi="http://www.w3.org/2001/XMLSchema-instance" xsi:noNamespaceSchemaLocation="https://maven.apache.org/surefire/maven-surefire-plugin/xsd/surefire-test-report-3.0.xsd" version="3.0" name="com.example.ecommerce.ECommerceApplicationTests" time="24.511" tests="1" errors="0" skipped="0" failures="0">
  <properties>
    <property name="java.specification.version" value="22"/>
    <property name="sun.cpu.isalist" value="amd64"/>
    <property name="sun.jnu.encoding" value="Cp1252"/>
    <property name="java.class.path" value="C:\Users\ZayMinPaing\Desktop\ECommerce\target\test-classes;C:\Users\ZayMinPaing\Desktop\ECommerce\target\classes;C:\Users\ZayMinPaing\.m2\repository\org\springframework\boot\spring-boot-starter\3.3.0\spring-boot-starter-3.3.0.jar;C:\Users\ZayMinPaing\.m2\repository\org\springframework\boot\spring-boot\3.3.0\spring-boot-3.3.0.jar;C:\Users\ZayMinPaing\.m2\repository\org\springframework\spring-context\6.1.8\spring-context-6.1.8.jar;C:\Users\ZayMinPaing\.m2\repository\org\springframework\boot\spring-boot-autoconfigure\3.3.0\spring-boot-autoconfigure-3.3.0.jar;C:\Users\ZayMinPaing\.m2\repository\org\springframework\boot\spring-boot-starter-logging\3.3.0\spring-boot-starter-logging-3.3.0.jar;C:\Users\ZayMinPaing\.m2\repository\ch\qos\logback\logback-classic\1.5.6\logback-classic-1.5.6.jar;C:\Users\ZayMinPaing\.m2\repository\ch\qos\logback\logback-core\1.5.6\logback-core-1.5.6.jar;C:\Users\ZayMinPaing\.m2\repository\org\apache\logging\log4j\log4j-to-slf4j\2.23.1\log4j-to-slf4j-2.23.1.jar;C:\Users\ZayMinPaing\.m2\repository\org\apache\logging\log4j\log4j-api\2.23.1\log4j-api-2.23.1.jar;C:\Users\ZayMinPaing\.m2\repository\org\slf4j\jul-to-slf4j\2.0.13\jul-to-slf4j-2.0.13.jar;C:\Users\ZayMinPaing\.m2\repository\jakarta\annotation\jakarta.annotation-api\2.1.1\jakarta.annotation-api-2.1.1.jar;C:\Users\ZayMinPaing\.m2\repository\org\springframework\spring-core\6.1.8\spring-core-6.1.8.jar;C:\Users\ZayMinPaing\.m2\repository\org\springframework\spring-jcl\6.1.8\spring-jcl-6.1.8.jar;C:\Users\ZayMinPaing\.m2\repository\org\yaml\snakeyaml\2.2\snakeyaml-2.2.jar;C:\Users\ZayMinPaing\.m2\repository\software\amazon\awssdk\s3\2.26.0\s3-2.26.0.jar;C:\Users\ZayMinPaing\.m2\repository\software\amazon\awssdk\aws-xml-protocol\2.26.0\aws-xml-protocol-2.26.0.jar;C:\Users\ZayMinPaing\.m2\repository\software\amazon\awssdk\aws-query-protocol\2.26.0\aws-query-protocol-2.26.0.jar;C:\Users\ZayMinPaing\.m2\repository\software\amazon\awssdk\protocol-core\2.26.0\protocol-core-2.26.0.jar;C:\Users\ZayMinPaing\.m2\repository\software\amazon\awssdk\arns\2.26.0\arns-2.26.0.jar;C:\Users\ZayMinPaing\.m2\repository\software\amazon\awssdk\profiles\2.26.0\profiles-2.26.0.jar;C:\Users\ZayMinPaing\.m2\repository\software\amazon\awssdk\crt-core\2.26.0\crt-core-2.26.0.jar;C:\Users\ZayMinPaing\.m2\repository\software\amazon\awssdk\http-auth\2.26.0\http-auth-2.26.0.jar;C:\Users\ZayMinPaing\.m2\repository\software\amazon\awssdk\identity-spi\2.26.0\identity-spi-2.26.0.jar;C:\Users\ZayMinPaing\.m2\repository\software\amazon\awssdk\http-auth-spi\2.26.0\http-auth-spi-2.26.0.jar;C:\Users\ZayMinPaing\.m2\repository\org\reactivestreams\reactive-streams\1.0.4\reactive-streams-1.0.4.jar;C:\Users\ZayMinPaing\.m2\repository\software\amazon\awssdk\http-auth-aws\2.26.0\http-auth-aws-2.26.0.jar;C:\Users\ZayMinPaing\.m2\repository\software\amazon\awssdk\checksums\2.26.0\checksums-2.26.0.jar;C:\Users\ZayMinPaing\.m2\repository\software\amazon\awssdk\checksums-spi\2.26.0\checksums-spi-2.26.0.jar;C:\Users\ZayMinPaing\.m2\repository\software\amazon\awssdk\retries-spi\2.26.0\retries-spi-2.26.0.jar;C:\Users\ZayMinPaing\.m2\repository\software\amazon\awssdk\sdk-core\2.26.0\sdk-core-2.26.0.jar;C:\Users\ZayMinPaing\.m2\repository\software\amazon\awssdk\retries\2.26.0\retries-2.26.0.jar;C:\Users\ZayMinPaing\.m2\repository\org\slf4j\slf4j-api\2.0.13\slf4j-api-2.0.13.jar;C:\Users\ZayMinPaing\.m2\repository\software\amazon\awssdk\auth\2.26.0\auth-2.26.0.jar;C:\Users\ZayMinPaing\.m2\repository\software\amazon\eventstream\eventstream\1.0.1\eventstream-1.0.1.jar;C:\Users\ZayMinPaing\.m2\repository\software\amazon\awssdk\http-client-spi\2.26.0\http-client-spi-2.26.0.jar;C:\Users\ZayMinPaing\.m2\repository\software\amazon\awssdk\regions\2.26.0\regions-2.26.0.jar;C:\Users\ZayMinPaing\.m2\repository\software\amazon\awssdk\annotations\2.26.0\annotations-2.26.0.jar;C:\Users\ZayMinPaing\.m2\repository\software\amazon\awssdk\utils\2.26.0\utils-2.26.0.jar;C:\Users\ZayMinPaing\.m2\repository\software\amazon\awssdk\aws-core\2.26.0\aws-core-2.26.0.jar;C:\Users\ZayMinPaing\.m2\repository\software\amazon\awssdk\metrics-spi\2.26.0\metrics-spi-2.26.0.jar;C:\Users\ZayMinPaing\.m2\repository\software\amazon\awssdk\json-utils\2.26.0\json-utils-2.26.0.jar;C:\Users\ZayMinPaing\.m2\repository\software\amazon\awssdk\third-party-jackson-core\2.26.0\third-party-jackson-core-2.26.0.jar;C:\Users\ZayMinPaing\.m2\repository\software\amazon\awssdk\endpoints-spi\2.26.0\endpoints-spi-2.26.0.jar;C:\Users\ZayMinPaing\.m2\repository\software\amazon\awssdk\apache-client\2.26.0\apache-client-2.26.0.jar;C:\Users\ZayMinPaing\.m2\repository\org\apache\httpcomponents\httpclient\4.5.13\httpclient-4.5.13.jar;C:\Users\ZayMinPaing\.m2\repository\commons-logging\commons-logging\1.2\commons-logging-1.2.jar;C:\Users\ZayMinPaing\.m2\repository\org\apache\httpcomponents\httpcore\4.4.16\httpcore-4.4.16.jar;C:\Users\ZayMinPaing\.m2\repository\commons-codec\commons-codec\1.16.1\commons-codec-1.16.1.jar;C:\Users\ZayMinPaing\.m2\repository\software\amazon\awssdk\netty-nio-client\2.26.0\netty-nio-client-2.26.0.jar;C:\Users\ZayMinPaing\.m2\repository\io\netty\netty-codec-http\4.1.110.Final\netty-codec-http-4.1.110.Final.jar;C:\Users\ZayMinPaing\.m2\repository\io\netty\netty-codec-http2\4.1.110.Final\netty-codec-http2-4.1.110.Final.jar;C:\Users\ZayMinPaing\.m2\repository\io\netty\netty-codec\4.1.110.Final\netty-codec-4.1.110.Final.jar;C:\Users\ZayMinPaing\.m2\repository\io\netty\netty-transport\4.1.110.Final\netty-transport-4.1.110.Final.jar;C:\Users\ZayMinPaing\.m2\repository\io\netty\netty-common\4.1.110.Final\netty-common-4.1.110.Final.jar;C:\Users\ZayMinPaing\.m2\repository\io\netty\netty-buffer\4.1.110.Final\netty-buffer-4.1.110.Final.jar;C:\Users\ZayMinPaing\.m2\repository\io\netty\netty-handler\4.1.110.Final\netty-handler-4.1.110.Final.jar;C:\Users\ZayMinPaing\.m2\repository\io\netty\netty-transport-native-unix-common\4.1.110.Final\netty-transport-native-unix-common-4.1.110.Final.jar;C:\Users\ZayMinPaing\.m2\repository\io\netty\netty-transport-classes-epoll\4.1.110.Final\netty-transport-classes-epoll-4.1.110.Final.jar;C:\Users\ZayMinPaing\.m2\repository\io\netty\netty-resolver\4.1.110.Final\netty-resolver-4.1.110.Final.jar;C:\Users\ZayMinPaing\.m2\repository\org\springframework\boot\spring-boot-starter-test\3.3.0\spring-boot-starter-test-3.3.0.jar;C:\Users\ZayMinPaing\.m2\repository\org\springframework\boot\spring-boot-test\3.3.0\spring-boot-test-3.3.0.jar;C:\Users\ZayMinPaing\.m2\repository\org\springframework\boot\spring-boot-test-autoconfigure\3.3.0\spring-boot-test-autoconfigure-3.3.0.jar;C:\Users\ZayMinPaing\.m2\repository\com\jayway\jsonpath\json-path\2.9.0\json-path-2.9.0.jar;C:\Users\ZayMinPaing\.m2\repository\jakarta\xml\bind\jakarta.xml.bind-api\4.0.2\jakarta.xml.bind-api-4.0.2.jar;C:\Users\ZayMinPaing\.m2\repository\jakarta\activation\jakarta.activation-api\2.1.3\jakarta.activation-api-2.1.3.jar;C:\Users\ZayMinPaing\.m2\repository\net\minidev\json-smart\2.5.1\json-smart-2.5.1.jar;C:\Users\ZayMinPaing\.m2\repository\net\minidev\accessors-smart\2.5.1\accessors-smart-2.5.1.jar;C:\Users\ZayMinPaing\.m2\repository\org\ow2\asm\asm\9.6\asm-9.6.jar;C:\Users\ZayMinPaing\.m2\repository\org\assertj\assertj-core\3.25.3\assertj-core-3.25.3.jar;C:\Users\ZayMinPaing\.m2\repository\net\bytebuddy\byte-buddy\1.14.16\byte-buddy-1.14.16.jar;C:\Users\ZayMinPaing\.m2\repository\org\awaitility\awaitility\4.2.1\awaitility-4.2.1.jar;C:\Users\ZayMinPaing\.m2\repository\org\hamcrest\hamcrest\2.2\hamcrest-2.2.jar;C:\Users\ZayMinPaing\.m2\repository\org\junit\jupiter\junit-jupiter\5.10.2\junit-jupiter-5.10.2.jar;C:\Users\ZayMinPaing\.m2\repository\org\junit\jupiter\junit-jupiter-api\5.10.2\junit-jupiter-api-5.10.2.jar;C:\Users\ZayMinPaing\.m2\repository\org\opentest4j\opentest4j\1.3.0\opentest4j-1.3.0.jar;C:\Users\ZayMinPaing\.m2\repository\org\junit\platform\junit-platform-commons\1.10.2\junit-platform-commons-1.10.2.jar;C:\Users\ZayMinPaing\.m2\repository\org\apiguardian\apiguardian-api\1.1.2\apiguardian-api-1.1.2.jar;C:\Users\ZayMinPaing\.m2\repository\org\junit\jupiter\junit-jupiter-params\5.10.2\junit-jupiter-params-5.10.2.jar;C:\Users\ZayMinPaing\.m2\repository\org\junit\jupiter\junit-jupiter-engine\5.10.2\junit-jupiter-engine-5.10.2.jar;C:\Users\ZayMinPaing\.m2\repository\org\junit\platform\junit-platform-engine\1.10.2\junit-platform-engine-1.10.2.jar;C:\Users\ZayMinPaing\.m2\repository\org\mockito\mockito-core\5.11.0\mockito-core-5.11.0.jar;C:\Users\ZayMinPaing\.m2\repository\net\bytebuddy\byte-buddy-agent\1.14.16\byte-buddy-agent-1.14.16.jar;C:\Users\ZayMinPaing\.m2\repository\org\objenesis\objenesis\3.3\objenesis-3.3.jar;C:\Users\ZayMinPaing\.m2\repository\org\mockito\mockito-junit-jupiter\5.11.0\mockito-junit-jupiter-5.11.0.jar;C:\Users\ZayMinPaing\.m2\repository\org\skyscreamer\jsonassert\1.5.1\jsonassert-1.5.1.jar;C:\Users\ZayMinPaing\.m2\repository\com\vaadin\external\google\android-json\0.0.20131108.vaadin1\android-json-0.0.20131108.vaadin1.jar;C:\Users\ZayMinPaing\.m2\repository\org\springframework\spring-test\6.1.8\spring-test-6.1.8.jar;C:\Users\ZayMinPaing\.m2\repository\org\xmlunit\xmlunit-core\2.9.1\xmlunit-core-2.9.1.jar;C:\Users\ZayMinPaing\.m2\repository\org\springframework\boot\spring-boot-starter-web\3.3.0\spring-boot-starter-web-3.3.0.jar;C:\Users\ZayMinPaing\.m2\repository\org\springframework\boot\spring-boot-starter-json\3.3.0\spring-boot-starter-json-3.3.0.jar;C:\Users\ZayMinPaing\.m2\repository\com\fasterxml\jackson\datatype\jackson-datatype-jdk8\2.17.1\jackson-datatype-jdk8-2.17.1.jar;C:\Users\ZayMinPaing\.m2\repository\com\fasterxml\jackson\datatype\jackson-datatype-jsr310\2.17.1\jackson-datatype-jsr310-2.17.1.jar;C:\Users\ZayMinPaing\.m2\repository\com\fasterxml\jackson\module\jackson-module-parameter-names\2.17.1\jackson-module-parameter-names-2.17.1.jar;C:\Users\ZayMinPaing\.m2\repository\org\springframework\boot\spring-boot-starter-tomcat\3.3.0\spring-boot-starter-tomcat-3.3.0.jar;C:\Users\ZayMinPaing\.m2\repository\org\apache\tomcat\embed\tomcat-embed-core\10.1.24\tomcat-embed-core-10.1.24.jar;C:\Users\ZayMinPaing\.m2\repository\org\apache\tomcat\embed\tomcat-embed-el\10.1.24\tomcat-embed-el-10.1.24.jar;C:\Users\ZayMinPaing\.m2\repository\org\apache\tomcat\embed\tomcat-embed-websocket\10.1.24\tomcat-embed-websocket-10.1.24.jar;C:\Users\ZayMinPaing\.m2\repository\org\springframework\spring-web\6.1.8\spring-web-6.1.8.jar;C:\Users\ZayMinPaing\.m2\repository\org\springframework\spring-beans\6.1.8\spring-beans-6.1.8.jar;C:\Users\ZayMinPaing\.m2\repository\io\micrometer\micrometer-observation\1.13.0\micrometer-observation-1.13.0.jar;C:\Users\ZayMinPaing\.m2\repository\io\micrometer\micrometer-commons\1.13.0\micrometer-commons-1.13.0.jar;C:\Users\ZayMinPaing\.m2\repository\org\springframework\spring-webmvc\6.1.8\spring-webmvc-6.1.8.jar;C:\Users\ZayMinPaing\.m2\repository\org\springframework\spring-expression\6.1.8\spring-expression-6.1.8.jar;C:\Users\ZayMinPaing\.m2\repository\org\springframework\boot\spring-boot-starter-data-jpa\3.3.0\spring-boot-starter-data-jpa-3.3.0.jar;C:\Users\ZayMinPaing\.m2\repository\org\springframework\boot\spring-boot-starter-aop\3.3.0\spring-boot-starter-aop-3.3.0.jar;C:\Users\ZayMinPaing\.m2\repository\org\aspectj\aspectjweaver\1.9.22\aspectjweaver-1.9.22.jar;C:\Users\ZayMinPaing\.m2\repository\org\springframework\boot\spring-boot-starter-jdbc\3.3.0\spring-boot-starter-jdbc-3.3.0.jar;C:\Users\ZayMinPaing\.m2\repository\com\zaxxer\HikariCP\5.1.0\HikariCP-5.1.0.jar;C:\Users\ZayMinPaing\.m2\repository\org\springframework\spring-jdbc\6.1.8\spring-jdbc-6.1.8.jar;C:\Users\ZayMinPaing\.m2\repository\org\hibernate\orm\hibernate-core\6.5.2.Final\hibernate-core-6.5.2.Final.jar;C:\Users\ZayMinPaing\.m2\repository\jakarta\persistence\jakarta.persistence-api\3.1.0\jakarta.persistence-api-3.1.0.jar;C:\Users\ZayMinPaing\.m2\repository\jakarta\transaction\jakarta.transaction-api\2.0.1\jakarta.transaction-api-2.0.1.jar;C:\Users\ZayMinPaing\.m2\repository\org\jboss\logging\jboss-logging\3.5.3.Final\jboss-logging-3.5.3.Final.jar;C:\Users\ZayMinPaing\.m2\repository\org\hibernate\common\hibernate-commons-annotations\6.0.6.Final\hibernate-commons-annotations-6.0.6.Final.jar;C:\Users\ZayMinPaing\.m2\repository\io\smallrye\jandex\3.1.2\jandex-3.1.2.jar;C:\Users\ZayMinPaing\.m2\repository\com\fasterxml\classmate\1.7.0\classmate-1.7.0.jar;C:\Users\ZayMinPaing\.m2\repository\org\glassfish\jaxb\jaxb-runtime\4.0.5\jaxb-runtime-4.0.5.jar;C:\Users\ZayMinPaing\.m2\repository\org\glassfish\jaxb\jaxb-core\4.0.5\jaxb-core-4.0.5.jar;C:\Users\ZayMinPaing\.m2\repository\org\eclipse\angus\angus-activation\2.0.2\angus-activation-2.0.2.jar;C:\Users\ZayMinPaing\.m2\repository\org\glassfish\jaxb\txw2\4.0.5\txw2-4.0.5.jar;C:\Users\ZayMinPaing\.m2\repository\com\sun\istack\istack-commons-runtime\4.1.2\istack-commons-runtime-4.1.2.jar;C:\Users\ZayMinPaing\.m2\repository\jakarta\inject\jakarta.inject-api\2.0.1\jakarta.inject-api-2.0.1.jar;C:\Users\ZayMinPaing\.m2\repository\org\antlr\antlr4-runtime\4.13.0\antlr4-runtime-4.13.0.jar;C:\Users\ZayMinPaing\.m2\repository\org\springframework\data\spring-data-jpa\3.3.0\spring-data-jpa-3.3.0.jar;C:\Users\ZayMinPaing\.m2\repository\org\springframework\data\spring-data-commons\3.3.0\spring-data-commons-3.3.0.jar;C:\Users\ZayMinPaing\.m2\repository\org\springframework\spring-orm\6.1.8\spring-orm-6.1.8.jar;C:\Users\ZayMinPaing\.m2\repository\org\springframework\spring-tx\6.1.8\spring-tx-6.1.8.jar;C:\Users\ZayMinPaing\.m2\repository\org\springframework\spring-aspects\6.1.8\spring-aspects-6.1.8.jar;C:\Users\ZayMinPaing\.m2\repository\com\mysql\mysql-connector-j\8.3.0\mysql-connector-j-8.3.0.jar;C:\Users\ZayMinPaing\.m2\repository\org\projectlombok\lombok\1.18.32\lombok-1.18.32.jar;C:\Users\ZayMinPaing\.m2\repository\org\springframework\boot\spring-boot-starter-security\3.3.0\spring-boot-starter-security-3.3.0.jar;C:\Users\ZayMinPaing\.m2\repository\org\springframework\spring-aop\6.1.8\spring-aop-6.1.8.jar;C:\Users\ZayMinPaing\.m2\repository\org\springframework\security\spring-security-config\6.3.0\spring-security-config-6.3.0.jar;C:\Users\ZayMinPaing\.m2\repository\org\springframework\security\spring-security-core\6.3.0\spring-security-core-6.3.0.jar;C:\Users\ZayMinPaing\.m2\repository\org\springframework\security\spring-security-crypto\6.3.0\spring-security-crypto-6.3.0.jar;C:\Users\ZayMinPaing\.m2\repository\org\springframework\security\spring-security-web\6.3.0\spring-security-web-6.3.0.jar;C:\Users\ZayMinPaing\.m2\repository\io\jsonwebtoken\jjwt\0.9.1\jjwt-0.9.1.jar;C:\Users\ZayMinPaing\.m2\repository\com\fasterxml\jackson\core\jackson-databind\2.17.1\jackson-databind-2.17.1.jar;C:\Users\ZayMinPaing\.m2\repository\com\fasterxml\jackson\core\jackson-annotations\2.17.1\jackson-annotations-2.17.1.jar;C:\Users\ZayMinPaing\.m2\repository\com\fasterxml\jackson\core\jackson-core\2.17.1\jackson-core-2.17.1.jar;C:\Users\ZayMinPaing\.m2\repository\javax\xml\bind\jaxb-api\2.3.0\jaxb-api-2.3.0.jar;"/>
    <property name="java.vm.vendor" value="Oracle Corporation"/>
    <property name="sun.arch.data.model" value="64"/>
    <property name="user.variant" value=""/>
    <property name="java.vendor.url" value="https://java.oracle.com/"/>
    <property name="user.timezone" value="Asia/Rangoon"/>
    <property name="org.jboss.logging.provider" value="slf4j"/>
    <property name="os.name" value="Windows 11"/>
    <property name="java.vm.specification.version" value="22"/>
    <property name="sun.java.launcher" value="SUN_STANDARD"/>
    <property name="user.country" value="US"/>
    <property name="sun.boot.library.path" value="C:\Program Files\Java\jdk-22\bin"/>
    <property name="sun.java.command" value="C:\Users\ZayMinPaing\AppData\Local\Temp\surefire17929735325389300037\surefirebooter-20240613105556839_3.jar C:\Users\ZayMinPaing\AppData\Local\Temp\surefire17929735325389300037 2024-06-13T10-55-56_630-jvmRun1 surefire-20240613105556839_1tmp surefire_0-20240613105556839_2tmp"/>
    <property name="jdk.debug" value="release"/>
    <property name="surefire.test.class.path" value="C:\Users\ZayMinPaing\Desktop\ECommerce\target\test-classes;C:\Users\ZayMinPaing\Desktop\ECommerce\target\classes;C:\Users\ZayMinPaing\.m2\repository\org\springframework\boot\spring-boot-starter\3.3.0\spring-boot-starter-3.3.0.jar;C:\Users\ZayMinPaing\.m2\repository\org\springframework\boot\spring-boot\3.3.0\spring-boot-3.3.0.jar;C:\Users\ZayMinPaing\.m2\repository\org\springframework\spring-context\6.1.8\spring-context-6.1.8.jar;C:\Users\ZayMinPaing\.m2\repository\org\springframework\boot\spring-boot-autoconfigure\3.3.0\spring-boot-autoconfigure-3.3.0.jar;C:\Users\ZayMinPaing\.m2\repository\org\springframework\boot\spring-boot-starter-logging\3.3.0\spring-boot-starter-logging-3.3.0.jar;C:\Users\ZayMinPaing\.m2\repository\ch\qos\logback\logback-classic\1.5.6\logback-classic-1.5.6.jar;C:\Users\ZayMinPaing\.m2\repository\ch\qos\logback\logback-core\1.5.6\logback-core-1.5.6.jar;C:\Users\ZayMinPaing\.m2\repository\org\apache\logging\log4j\log4j-to-slf4j\2.23.1\log4j-to-slf4j-2.23.1.jar;C:\Users\ZayMinPaing\.m2\repository\org\apache\logging\log4j\log4j-api\2.23.1\log4j-api-2.23.1.jar;C:\Users\ZayMinPaing\.m2\repository\org\slf4j\jul-to-slf4j\2.0.13\jul-to-slf4j-2.0.13.jar;C:\Users\ZayMinPaing\.m2\repository\jakarta\annotation\jakarta.annotation-api\2.1.1\jakarta.annotation-api-2.1.1.jar;C:\Users\ZayMinPaing\.m2\repository\org\springframework\spring-core\6.1.8\spring-core-6.1.8.jar;C:\Users\ZayMinPaing\.m2\repository\org\springframework\spring-jcl\6.1.8\spring-jcl-6.1.8.jar;C:\Users\ZayMinPaing\.m2\repository\org\yaml\snakeyaml\2.2\snakeyaml-2.2.jar;C:\Users\ZayMinPaing\.m2\repository\software\amazon\awssdk\s3\2.26.0\s3-2.26.0.jar;C:\Users\ZayMinPaing\.m2\repository\software\amazon\awssdk\aws-xml-protocol\2.26.0\aws-xml-protocol-2.26.0.jar;C:\Users\ZayMinPaing\.m2\repository\software\amazon\awssdk\aws-query-protocol\2.26.0\aws-query-protocol-2.26.0.jar;C:\Users\ZayMinPaing\.m2\repository\software\amazon\awssdk\protocol-core\2.26.0\protocol-core-2.26.0.jar;C:\Users\ZayMinPaing\.m2\repository\software\amazon\awssdk\arns\2.26.0\arns-2.26.0.jar;C:\Users\ZayMinPaing\.m2\repository\software\amazon\awssdk\profiles\2.26.0\profiles-2.26.0.jar;C:\Users\ZayMinPaing\.m2\repository\software\amazon\awssdk\crt-core\2.26.0\crt-core-2.26.0.jar;C:\Users\ZayMinPaing\.m2\repository\software\amazon\awssdk\http-auth\2.26.0\http-auth-2.26.0.jar;C:\Users\ZayMinPaing\.m2\repository\software\amazon\awssdk\identity-spi\2.26.0\identity-spi-2.26.0.jar;C:\Users\ZayMinPaing\.m2\repository\software\amazon\awssdk\http-auth-spi\2.26.0\http-auth-spi-2.26.0.jar;C:\Users\ZayMinPaing\.m2\repository\org\reactivestreams\reactive-streams\1.0.4\reactive-streams-1.0.4.jar;C:\Users\ZayMinPaing\.m2\repository\software\amazon\awssdk\http-auth-aws\2.26.0\http-auth-aws-2.26.0.jar;C:\Users\ZayMinPaing\.m2\repository\software\amazon\awssdk\checksums\2.26.0\checksums-2.26.0.jar;C:\Users\ZayMinPaing\.m2\repository\software\amazon\awssdk\checksums-spi\2.26.0\checksums-spi-2.26.0.jar;C:\Users\ZayMinPaing\.m2\repository\software\amazon\awssdk\retries-spi\2.26.0\retries-spi-2.26.0.jar;C:\Users\ZayMinPaing\.m2\repository\software\amazon\awssdk\sdk-core\2.26.0\sdk-core-2.26.0.jar;C:\Users\ZayMinPaing\.m2\repository\software\amazon\awssdk\retries\2.26.0\retries-2.26.0.jar;C:\Users\ZayMinPaing\.m2\repository\org\slf4j\slf4j-api\2.0.13\slf4j-api-2.0.13.jar;C:\Users\ZayMinPaing\.m2\repository\software\amazon\awssdk\auth\2.26.0\auth-2.26.0.jar;C:\Users\ZayMinPaing\.m2\repository\software\amazon\eventstream\eventstream\1.0.1\eventstream-1.0.1.jar;C:\Users\ZayMinPaing\.m2\repository\software\amazon\awssdk\http-client-spi\2.26.0\http-client-spi-2.26.0.jar;C:\Users\ZayMinPaing\.m2\repository\software\amazon\awssdk\regions\2.26.0\regions-2.26.0.jar;C:\Users\ZayMinPaing\.m2\repository\software\amazon\awssdk\annotations\2.26.0\annotations-2.26.0.jar;C:\Users\ZayMinPaing\.m2\repository\software\amazon\awssdk\utils\2.26.0\utils-2.26.0.jar;C:\Users\ZayMinPaing\.m2\repository\software\amazon\awssdk\aws-core\2.26.0\aws-core-2.26.0.jar;C:\Users\ZayMinPaing\.m2\repository\software\amazon\awssdk\metrics-spi\2.26.0\metrics-spi-2.26.0.jar;C:\Users\ZayMinPaing\.m2\repository\software\amazon\awssdk\json-utils\2.26.0\json-utils-2.26.0.jar;C:\Users\ZayMinPaing\.m2\repository\software\amazon\awssdk\third-party-jackson-core\2.26.0\third-party-jackson-core-2.26.0.jar;C:\Users\ZayMinPaing\.m2\repository\software\amazon\awssdk\endpoints-spi\2.26.0\endpoints-spi-2.26.0.jar;C:\Users\ZayMinPaing\.m2\repository\software\amazon\awssdk\apache-client\2.26.0\apache-client-2.26.0.jar;C:\Users\ZayMinPaing\.m2\repository\org\apache\httpcomponents\httpclient\4.5.13\httpclient-4.5.13.jar;C:\Users\ZayMinPaing\.m2\repository\commons-logging\commons-logging\1.2\commons-logging-1.2.jar;C:\Users\ZayMinPaing\.m2\repository\org\apache\httpcomponents\httpcore\4.4.16\httpcore-4.4.16.jar;C:\Users\ZayMinPaing\.m2\repository\commons-codec\commons-codec\1.16.1\commons-codec-1.16.1.jar;C:\Users\ZayMinPaing\.m2\repository\software\amazon\awssdk\netty-nio-client\2.26.0\netty-nio-client-2.26.0.jar;C:\Users\ZayMinPaing\.m2\repository\io\netty\netty-codec-http\4.1.110.Final\netty-codec-http-4.1.110.Final.jar;C:\Users\ZayMinPaing\.m2\repository\io\netty\netty-codec-http2\4.1.110.Final\netty-codec-http2-4.1.110.Final.jar;C:\Users\ZayMinPaing\.m2\repository\io\netty\netty-codec\4.1.110.Final\netty-codec-4.1.110.Final.jar;C:\Users\ZayMinPaing\.m2\repository\io\netty\netty-transport\4.1.110.Final\netty-transport-4.1.110.Final.jar;C:\Users\ZayMinPaing\.m2\repository\io\netty\netty-common\4.1.110.Final\netty-common-4.1.110.Final.jar;C:\Users\ZayMinPaing\.m2\repository\io\netty\netty-buffer\4.1.110.Final\netty-buffer-4.1.110.Final.jar;C:\Users\ZayMinPaing\.m2\repository\io\netty\netty-handler\4.1.110.Final\netty-handler-4.1.110.Final.jar;C:\Users\ZayMinPaing\.m2\repository\io\netty\netty-transport-native-unix-common\4.1.110.Final\netty-transport-native-unix-common-4.1.110.Final.jar;C:\Users\ZayMinPaing\.m2\repository\io\netty\netty-transport-classes-epoll\4.1.110.Final\netty-transport-classes-epoll-4.1.110.Final.jar;C:\Users\ZayMinPaing\.m2\repository\io\netty\netty-resolver\4.1.110.Final\netty-resolver-4.1.110.Final.jar;C:\Users\ZayMinPaing\.m2\repository\org\springframework\boot\spring-boot-starter-test\3.3.0\spring-boot-starter-test-3.3.0.jar;C:\Users\ZayMinPaing\.m2\repository\org\springframework\boot\spring-boot-test\3.3.0\spring-boot-test-3.3.0.jar;C:\Users\ZayMinPaing\.m2\repository\org\springframework\boot\spring-boot-test-autoconfigure\3.3.0\spring-boot-test-autoconfigure-3.3.0.jar;C:\Users\ZayMinPaing\.m2\repository\com\jayway\jsonpath\json-path\2.9.0\json-path-2.9.0.jar;C:\Users\ZayMinPaing\.m2\repository\jakarta\xml\bind\jakarta.xml.bind-api\4.0.2\jakarta.xml.bind-api-4.0.2.jar;C:\Users\ZayMinPaing\.m2\repository\jakarta\activation\jakarta.activation-api\2.1.3\jakarta.activation-api-2.1.3.jar;C:\Users\ZayMinPaing\.m2\repository\net\minidev\json-smart\2.5.1\json-smart-2.5.1.jar;C:\Users\ZayMinPaing\.m2\repository\net\minidev\accessors-smart\2.5.1\accessors-smart-2.5.1.jar;C:\Users\ZayMinPaing\.m2\repository\org\ow2\asm\asm\9.6\asm-9.6.jar;C:\Users\ZayMinPaing\.m2\repository\org\assertj\assertj-core\3.25.3\assertj-core-3.25.3.jar;C:\Users\ZayMinPaing\.m2\repository\net\bytebuddy\byte-buddy\1.14.16\byte-buddy-1.14.16.jar;C:\Users\ZayMinPaing\.m2\repository\org\awaitility\awaitility\4.2.1\awaitility-4.2.1.jar;C:\Users\ZayMinPaing\.m2\repository\org\hamcrest\hamcrest\2.2\hamcrest-2.2.jar;C:\Users\ZayMinPaing\.m2\repository\org\junit\jupiter\junit-jupiter\5.10.2\junit-jupiter-5.10.2.jar;C:\Users\ZayMinPaing\.m2\repository\org\junit\jupiter\junit-jupiter-api\5.10.2\junit-jupiter-api-5.10.2.jar;C:\Users\ZayMinPaing\.m2\repository\org\opentest4j\opentest4j\1.3.0\opentest4j-1.3.0.jar;C:\Users\ZayMinPaing\.m2\repository\org\junit\platform\junit-platform-commons\1.10.2\junit-platform-commons-1.10.2.jar;C:\Users\ZayMinPaing\.m2\repository\org\apiguardian\apiguardian-api\1.1.2\apiguardian-api-1.1.2.jar;C:\Users\ZayMinPaing\.m2\repository\org\junit\jupiter\junit-jupiter-params\5.10.2\junit-jupiter-params-5.10.2.jar;C:\Users\ZayMinPaing\.m2\repository\org\junit\jupiter\junit-jupiter-engine\5.10.2\junit-jupiter-engine-5.10.2.jar;C:\Users\ZayMinPaing\.m2\repository\org\junit\platform\junit-platform-engine\1.10.2\junit-platform-engine-1.10.2.jar;C:\Users\ZayMinPaing\.m2\repository\org\mockito\mockito-core\5.11.0\mockito-core-5.11.0.jar;C:\Users\ZayMinPaing\.m2\repository\net\bytebuddy\byte-buddy-agent\1.14.16\byte-buddy-agent-1.14.16.jar;C:\Users\ZayMinPaing\.m2\repository\org\objenesis\objenesis\3.3\objenesis-3.3.jar;C:\Users\ZayMinPaing\.m2\repository\org\mockito\mockito-junit-jupiter\5.11.0\mockito-junit-jupiter-5.11.0.jar;C:\Users\ZayMinPaing\.m2\repository\org\skyscreamer\jsonassert\1.5.1\jsonassert-1.5.1.jar;C:\Users\ZayMinPaing\.m2\repository\com\vaadin\external\google\android-json\0.0.20131108.vaadin1\android-json-0.0.20131108.vaadin1.jar;C:\Users\ZayMinPaing\.m2\repository\org\springframework\spring-test\6.1.8\spring-test-6.1.8.jar;C:\Users\ZayMinPaing\.m2\repository\org\xmlunit\xmlunit-core\2.9.1\xmlunit-core-2.9.1.jar;C:\Users\ZayMinPaing\.m2\repository\org\springframework\boot\spring-boot-starter-web\3.3.0\spring-boot-starter-web-3.3.0.jar;C:\Users\ZayMinPaing\.m2\repository\org\springframework\boot\spring-boot-starter-json\3.3.0\spring-boot-starter-json-3.3.0.jar;C:\Users\ZayMinPaing\.m2\repository\com\fasterxml\jackson\datatype\jackson-datatype-jdk8\2.17.1\jackson-datatype-jdk8-2.17.1.jar;C:\Users\ZayMinPaing\.m2\repository\com\fasterxml\jackson\datatype\jackson-datatype-jsr310\2.17.1\jackson-datatype-jsr310-2.17.1.jar;C:\Users\ZayMinPaing\.m2\repository\com\fasterxml\jackson\module\jackson-module-parameter-names\2.17.1\jackson-module-parameter-names-2.17.1.jar;C:\Users\ZayMinPaing\.m2\repository\org\springframework\boot\spring-boot-starter-tomcat\3.3.0\spring-boot-starter-tomcat-3.3.0.jar;C:\Users\ZayMinPaing\.m2\repository\org\apache\tomcat\embed\tomcat-embed-core\10.1.24\tomcat-embed-core-10.1.24.jar;C:\Users\ZayMinPaing\.m2\repository\org\apache\tomcat\embed\tomcat-embed-el\10.1.24\tomcat-embed-el-10.1.24.jar;C:\Users\ZayMinPaing\.m2\repository\org\apache\tomcat\embed\tomcat-embed-websocket\10.1.24\tomcat-embed-websocket-10.1.24.jar;C:\Users\ZayMinPaing\.m2\repository\org\springframework\spring-web\6.1.8\spring-web-6.1.8.jar;C:\Users\ZayMinPaing\.m2\repository\org\springframework\spring-beans\6.1.8\spring-beans-6.1.8.jar;C:\Users\ZayMinPaing\.m2\repository\io\micrometer\micrometer-observation\1.13.0\micrometer-observation-1.13.0.jar;C:\Users\ZayMinPaing\.m2\repository\io\micrometer\micrometer-commons\1.13.0\micrometer-commons-1.13.0.jar;C:\Users\ZayMinPaing\.m2\repository\org\springframework\spring-webmvc\6.1.8\spring-webmvc-6.1.8.jar;C:\Users\ZayMinPaing\.m2\repository\org\springframework\spring-expression\6.1.8\spring-expression-6.1.8.jar;C:\Users\ZayMinPaing\.m2\repository\org\springframework\boot\spring-boot-starter-data-jpa\3.3.0\spring-boot-starter-data-jpa-3.3.0.jar;C:\Users\ZayMinPaing\.m2\repository\org\springframework\boot\spring-boot-starter-aop\3.3.0\spring-boot-starter-aop-3.3.0.jar;C:\Users\ZayMinPaing\.m2\repository\org\aspectj\aspectjweaver\1.9.22\aspectjweaver-1.9.22.jar;C:\Users\ZayMinPaing\.m2\repository\org\springframework\boot\spring-boot-starter-jdbc\3.3.0\spring-boot-starter-jdbc-3.3.0.jar;C:\Users\ZayMinPaing\.m2\repository\com\zaxxer\HikariCP\5.1.0\HikariCP-5.1.0.jar;C:\Users\ZayMinPaing\.m2\repository\org\springframework\spring-jdbc\6.1.8\spring-jdbc-6.1.8.jar;C:\Users\ZayMinPaing\.m2\repository\org\hibernate\orm\hibernate-core\6.5.2.Final\hibernate-core-6.5.2.Final.jar;C:\Users\ZayMinPaing\.m2\repository\jakarta\persistence\jakarta.persistence-api\3.1.0\jakarta.persistence-api-3.1.0.jar;C:\Users\ZayMinPaing\.m2\repository\jakarta\transaction\jakarta.transaction-api\2.0.1\jakarta.transaction-api-2.0.1.jar;C:\Users\ZayMinPaing\.m2\repository\org\jboss\logging\jboss-logging\3.5.3.Final\jboss-logging-3.5.3.Final.jar;C:\Users\ZayMinPaing\.m2\repository\org\hibernate\common\hibernate-commons-annotations\6.0.6.Final\hibernate-commons-annotations-6.0.6.Final.jar;C:\Users\ZayMinPaing\.m2\repository\io\smallrye\jandex\3.1.2\jandex-3.1.2.jar;C:\Users\ZayMinPaing\.m2\repository\com\fasterxml\classmate\1.7.0\classmate-1.7.0.jar;C:\Users\ZayMinPaing\.m2\repository\org\glassfish\jaxb\jaxb-runtime\4.0.5\jaxb-runtime-4.0.5.jar;C:\Users\ZayMinPaing\.m2\repository\org\glassfish\jaxb\jaxb-core\4.0.5\jaxb-core-4.0.5.jar;C:\Users\ZayMinPaing\.m2\repository\org\eclipse\angus\angus-activation\2.0.2\angus-activation-2.0.2.jar;C:\Users\ZayMinPaing\.m2\repository\org\glassfish\jaxb\txw2\4.0.5\txw2-4.0.5.jar;C:\Users\ZayMinPaing\.m2\repository\com\sun\istack\istack-commons-runtime\4.1.2\istack-commons-runtime-4.1.2.jar;C:\Users\ZayMinPaing\.m2\repository\jakarta\inject\jakarta.inject-api\2.0.1\jakarta.inject-api-2.0.1.jar;C:\Users\ZayMinPaing\.m2\repository\org\antlr\antlr4-runtime\4.13.0\antlr4-runtime-4.13.0.jar;C:\Users\ZayMinPaing\.m2\repository\org\springframework\data\spring-data-jpa\3.3.0\spring-data-jpa-3.3.0.jar;C:\Users\ZayMinPaing\.m2\repository\org\springframework\data\spring-data-commons\3.3.0\spring-data-commons-3.3.0.jar;C:\Users\ZayMinPaing\.m2\repository\org\springframework\spring-orm\6.1.8\spring-orm-6.1.8.jar;C:\Users\ZayMinPaing\.m2\repository\org\springframework\spring-tx\6.1.8\spring-tx-6.1.8.jar;C:\Users\ZayMinPaing\.m2\repository\org\springframework\spring-aspects\6.1.8\spring-aspects-6.1.8.jar;C:\Users\ZayMinPaing\.m2\repository\com\mysql\mysql-connector-j\8.3.0\mysql-connector-j-8.3.0.jar;C:\Users\ZayMinPaing\.m2\repository\org\projectlombok\lombok\1.18.32\lombok-1.18.32.jar;C:\Users\ZayMinPaing\.m2\repository\org\springframework\boot\spring-boot-starter-security\3.3.0\spring-boot-starter-security-3.3.0.jar;C:\Users\ZayMinPaing\.m2\repository\org\springframework\spring-aop\6.1.8\spring-aop-6.1.8.jar;C:\Users\ZayMinPaing\.m2\repository\org\springframework\security\spring-security-config\6.3.0\spring-security-config-6.3.0.jar;C:\Users\ZayMinPaing\.m2\repository\org\springframework\security\spring-security-core\6.3.0\spring-security-core-6.3.0.jar;C:\Users\ZayMinPaing\.m2\repository\org\springframework\security\spring-security-crypto\6.3.0\spring-security-crypto-6.3.0.jar;C:\Users\ZayMinPaing\.m2\repository\org\springframework\security\spring-security-web\6.3.0\spring-security-web-6.3.0.jar;C:\Users\ZayMinPaing\.m2\repository\io\jsonwebtoken\jjwt\0.9.1\jjwt-0.9.1.jar;C:\Users\ZayMinPaing\.m2\repository\com\fasterxml\jackson\core\jackson-databind\2.17.1\jackson-databind-2.17.1.jar;C:\Users\ZayMinPaing\.m2\repository\com\fasterxml\jackson\core\jackson-annotations\2.17.1\jackson-annotations-2.17.1.jar;C:\Users\ZayMinPaing\.m2\repository\com\fasterxml\jackson\core\jackson-core\2.17.1\jackson-core-2.17.1.jar;C:\Users\ZayMinPaing\.m2\repository\javax\xml\bind\jaxb-api\2.3.0\jaxb-api-2.3.0.jar;"/>
    <property name="sun.cpu.endian" value="little"/>
    <property name="user.home" value="C:\Users\ZayMinPaing"/>
    <property name="user.language" value="en"/>
    <property name="java.specification.vendor" value="Oracle Corporation"/>
    <property name="java.version.date" value="2024-03-19"/>
    <property name="java.home" value="C:\Program Files\Java\jdk-22"/>
    <property name="file.separator" value="\"/>
    <property name="basedir" value="C:\Users\ZayMinPaing\Desktop\ECommerce"/>
    <property name="java.vm.compressedOopsMode" value="Zero based"/>
    <property name="line.separator" value="&#10;"/>
    <property name="java.vm.specification.vendor" value="Oracle Corporation"/>
    <property name="java.specification.name" value="Java Platform API Specification"/>
    <property name="FILE_LOG_CHARSET" value="UTF-8"/>
    <property name="java.awt.headless" value="true"/>
    <property name="surefire.real.class.path" value="C:\Users\ZayMinPaing\AppData\Local\Temp\surefire17929735325389300037\surefirebooter-20240613105556839_3.jar"/>
    <property name="user.script" value=""/>
    <property name="sun.management.compiler" value="HotSpot 64-Bit Tiered Compilers"/>
    <property name="java.runtime.version" value="22+36-2370"/>
    <property name="user.name" value="ZayMinPaing"/>
    <property name="stdout.encoding" value="Cp1252"/>
    <property name="path.separator" value=";"/>
    <property name="os.version" value="10.0"/>
    <property name="java.runtime.name" value="Java(TM) SE Runtime Environment"/>
    <property name="file.encoding" value="UTF-8"/>
    <property name="java.vm.name" value="Java HotSpot(TM) 64-Bit Server VM"/>
    <property name="localRepository" value="C:\Users\ZayMinPaing\.m2\repository"/>
    <property name="java.vendor.url.bug" value="https://bugreport.java.com/bugreport/"/>
    <property name="java.io.tmpdir" value="C:\Users\ZAYMIN~1\AppData\Local\Temp\"/>
    <property name="idea.version" value="2023.3.6"/>
    <property name="com.zaxxer.hikari.pool_number" value="1"/>
    <property name="java.version" value="22"/>
    <property name="user.dir" value="C:\Users\ZayMinPaing\Desktop\ECommerce"/>
    <property name="os.arch" value="amd64"/>
    <property name="java.vm.specification.name" value="Java Virtual Machine Specification"/>
    <property name="PID" value="12532"/>
    <property name="sun.os.patch.level" value=""/>
    <property name="CONSOLE_LOG_CHARSET" value="UTF-8"/>
    <property name="native.encoding" value="Cp1252"/>
    <property name="java.library.path" value="C:\Program Files\Java\jdk-22\bin;C:\WINDOWS\Sun\Java\bin;C:\WINDOWS\system32;C:\WINDOWS;C:\Python312\Scripts\;C:\Python312\;C:\Program Files\Common Files\Oracle\Java\javapath;C:\Users\ZayMinPaing\AppData\Local\Programs\Python\Python310;C:\Windows\system32;C:\Windows;C:\Windows\System32\Wbem;C:\Windows\System32\WindowsPowerShell\v1.0\;C:\Windows\System32\OpenSSH\;C:\Users\ZayMinPaing\AppData\Local\Microsoft\WindowsApps;C:\adb;D:\flutter\bin;D:\cmdline-tools\bin;C:\ProgramData\chocolatey\bin;C:\Users\ZayMinPaing\Downloads\MIUI 13\platform-tools;C:\WINDOWS\system32;C:\WINDOWS;C:\WINDOWS\System32\Wbem;C:\WINDOWS\System32\WindowsPowerShell\v1.0\;C:\WINDOWS\System32\OpenSSH\;C:\Program Files (x86)\Java\jre1.8.0_361\bin;C:\Program Files\Java\jdk-19\bin;C:\Program Files\dotnet\;C:\Program Files\Git\cmd;C:\Program Files\nodejs\;C:\Program Files\MySQL\MySQL Shell 8.0\bin\;C:\Users\ZayMinPaing\AppData\Local\Microsoft\WindowsApps;C:\Users\ZayMinPaing\AppData\Local\Programs\Microsoft VS Code\bin;C:\Users\ZayMinPaing\AppData\Roaming\npm;."/>
    <property name="java.vm.info" value="mixed mode, sharing"/>
    <property name="stderr.encoding" value="Cp1252"/>
    <property name="java.vendor" value="Oracle Corporation"/>
    <property name="java.vm.version" value="22+36-2370"/>
    <property name="sun.io.unicode.encoding" value="UnicodeLittle"/>
    <property name="java.class.version" value="66.0"/>
    <property name="LOGGED_APPLICATION_NAME" value="[ECommerce] "/>
  </properties>
  <testcase name="contextLoads" classname="com.example.ecommerce.ECommerceApplicationTests" time="0.763">
    <system-out><![CDATA[10:55:58.471 [main] INFO org.springframework.test.context.support.AnnotationConfigContextLoaderUtils -- Could not detect default configuration classes for test class [com.example.ecommerce.ECommerceApplicationTests]: ECommerceApplicationTests does not declare any static, non-private, non-final, nested classes annotated with @Configuration.
10:55:58.681 [main] INFO org.springframework.boot.test.context.SpringBootTestContextBootstrapper -- Found @SpringBootConfiguration com.example.ecommerce.ECommerceApplication for test class com.example.ecommerce.ECommerceApplicationTests
  .   ____          _            __ _ _
 /\\ / ___'_ __ _ _(_)_ __  __ _ \ \ \ \
( ( )\___ | '_ | '_| | '_ \/ _` | \ \ \ \
 \\/  ___)| |_)| | | | | || (_| |  ) ) ) )
  '  |____| .__|_| |_|_| |_\__, | / / / /
 =========|_|==============|___/=/_/_/_/

 :: Spring Boot ::                (v3.3.0)

2024-06-13T10:55:59.544+06:30  INFO 12532 --- [ECommerce] [           main] c.e.ecommerce.ECommerceApplicationTests  : Starting ECommerceApplicationTests using Java 22 with PID 12532 (started by ZayMinPaing in C:\Users\ZayMinPaing\Desktop\ECommerce)
2024-06-13T10:55:59.548+06:30  INFO 12532 --- [ECommerce] [           main] c.e.ecommerce.ECommerceApplicationTests  : No active profile set, falling back to 1 default profile: "default"
2024-06-13T10:56:01.180+06:30  INFO 12532 --- [ECommerce] [           main] .s.d.r.c.RepositoryConfigurationDelegate : Bootstrapping Spring Data JPA repositories in DEFAULT mode.
2024-06-13T10:56:01.288+06:30  INFO 12532 --- [ECommerce] [           main] .s.d.r.c.RepositoryConfigurationDelegate : Finished Spring Data repository scanning in 96 ms. Found 3 JPA repository interfaces.
2024-06-13T10:56:02.163+06:30  INFO 12532 --- [ECommerce] [           main] o.hibernate.jpa.internal.util.LogHelper  : HHH000204: Processing PersistenceUnitInfo [name: default]
2024-06-13T10:56:02.316+06:30  INFO 12532 --- [ECommerce] [           main] org.hibernate.Version                    : HHH000412: Hibernate ORM core version 6.5.2.Final
2024-06-13T10:56:02.398+06:30  INFO 12532 --- [ECommerce] [           main] o.h.c.internal.RegionFactoryInitiator    : HHH000026: Second-level cache disabled
2024-06-13T10:56:03.133+06:30  INFO 12532 --- [ECommerce] [           main] o.s.o.j.p.SpringPersistenceUnitInfo      : No LoadTimeWeaver setup: ignoring JPA class transformer
2024-06-13T10:56:03.188+06:30  INFO 12532 --- [ECommerce] [           main] com.zaxxer.hikari.HikariDataSource       : HikariPool-1 - Starting...
2024-06-13T10:56:11.642+06:30  INFO 12532 --- [ECommerce] [           main] com.zaxxer.hikari.pool.HikariPool        : HikariPool-1 - Added connection com.mysql.cj.jdbc.ConnectionImpl@1de30c31
2024-06-13T10:56:11.658+06:30  INFO 12532 --- [ECommerce] [           main] com.zaxxer.hikari.HikariDataSource       : HikariPool-1 - Start completed.
2024-06-13T10:56:12.916+06:30  WARN 12532 --- [ECommerce] [           main] org.hibernate.orm.deprecation            : HHH90000025: MySQLDialect does not need to be specified explicitly using 'hibernate.dialect' (remove the property setting and it will be selected by default)
2024-06-13T10:56:14.430+06:30  INFO 12532 --- [ECommerce] [           main] o.h.e.t.j.p.i.JtaPlatformInitiator       : HHH000489: No JTA platform available (set 'hibernate.transaction.jta.platform' to enable JTA platform integration)
2024-06-13T10:56:19.321+06:30  INFO 12532 --- [ECommerce] [           main] j.LocalContainerEntityManagerFactoryBean : Initialized JPA EntityManagerFactory for persistence unit 'default'
2024-06-13T10:56:20.198+06:30  WARN 12532 --- [ECommerce] [           main] JpaBaseConfiguration$JpaWebConfiguration : spring.jpa.open-in-view is enabled by default. Therefore, database queries may be performed during view rendering. Explicitly configure spring.jpa.open-in-view to disable this warning
2024-06-13T10:56:20.262+06:30  INFO 12532 --- [ECommerce] [           main] r$InitializeUserDetailsManagerConfigurer : Global AuthenticationManager configured with UserDetailsService bean with name customUserDetailsService
2024-06-13T10:56:21.102+06:30  INFO 12532 --- [ECommerce] [           main] o.s.s.web.DefaultSecurityFilterChain     : Will secure any request with [org.springframework.security.web.session.DisableEncodeUrlFilter@159314ca, org.springframework.security.web.context.request.async.WebAsyncManagerIntegrationFilter@bafc754, org.springframework.security.web.context.SecurityContextHolderFilter@63f16350, org.springframework.security.web.header.HeaderWriterFilter@7d466ef9, org.springframework.web.filter.CorsFilter@5e8684a3, org.springframework.security.web.authentication.logout.LogoutFilter@6a1b4854, com.example.ecommerce.auth.JwtAuthorizationFilter@3e0a112f, org.springframework.security.web.savedrequest.RequestCacheAwareFilter@21262bde, org.springframework.security.web.servletapi.SecurityContextHolderAwareRequestFilter@3a75d9a1, org.springframework.security.web.authentication.AnonymousAuthenticationFilter@590ab84, org.springframework.security.web.session.SessionManagementFilter@427128a6, org.springframework.security.web.access.ExceptionTranslationFilter@539f2fec, org.springframework.security.web.access.intercept.FilterSecurityInterceptor@110f66e3]
2024-06-13T10:56:21.800+06:30  INFO 12532 --- [ECommerce] [           main] c.e.ecommerce.ECommerceApplicationTests  : Started ECommerceApplicationTests in 22.842 seconds (process running for 24.739)
]]></system-out>
    <system-err><![CDATA[WARNING: A Java agent has been loaded dynamically (C:\Users\ZayMinPaing\.m2\repository\net\bytebuddy\byte-buddy-agent\1.14.16\byte-buddy-agent-1.14.16.jar)
WARNING: If a serviceability tool is in use, please run with -XX:+EnableDynamicAgentLoading to hide this warning
WARNING: If a serviceability tool is not in use, please run with -Djdk.instrument.traceUsage for more information
WARNING: Dynamic loading of agents will be disallowed by default in a future release
]]></system-err>
  </testcase>
</testsuite>